#! c:/iverilog-x64/bin/vvp
:ivl_version "10.1 (stable)" "(v10_1_1)";
:ivl_delay_selection "TYPICAL";
:vpi_time_precision + 0;
:vpi_module "system";
:vpi_module "vhdl_sys";
:vpi_module "v2005_math";
:vpi_module "va_math";
S_000000000290d4a0 .scope module, "CPU" "CPU" 2 27;
 .timescale 0 0;
L_00000000049ae8a0 .functor AND 1, v000000000494ec40_0, v00000000028fa290_0, C4<1>, C4<1>;
L_00000000049aed00 .functor NOT 1, v00000000028fa290_0, C4<0>, C4<0>, C4<0>;
L_00000000049aea60 .functor AND 1, v00000000028fafb0_0, L_00000000049aed00, C4<1>, C4<1>;
L_00000000049ae440 .functor OR 1, L_00000000049ae8a0, L_00000000049aea60, C4<0>, C4<0>;
v0000000004951ab0_0 .net "ALUControl", 3 0, v00000000028fa790_0;  1 drivers
v00000000049502f0_0 .net "ALUop", 1 0, v00000000028fbaf0_0;  1 drivers
v0000000004950110_0 .net "ALUout", 31 0, v00000000028fb4b0_0;  1 drivers
v0000000004950250_0 .net "ALUresult", 31 0, v00000000028faf10_0;  1 drivers
v0000000004950390_0 .net "ALUsrc", 0 0, v00000000028fadd0_0;  1 drivers
v0000000004950570_0 .net "BNE", 0 0, v00000000028fafb0_0;  1 drivers
v0000000004950e30_0 .net "JAL", 0 0, v00000000028fb050_0;  1 drivers
v00000000049506b0_0 .net "MUXmemtoreg", 31 0, L_00000000049ad9b0;  1 drivers
v0000000004950890_0 .net "Syscallop", 0 0, L_0000000002897d10;  1 drivers
v0000000004950930_0 .net *"_s1", 3 0, L_00000000049538e0;  1 drivers
v0000000004951010_0 .net *"_s10", 25 0, L_0000000004952bc0;  1 drivers
L_00000000049540d8 .functor BUFT 1, C4<00>, C4<0>, C4<0>, C4<0>;
v00000000049509d0_0 .net *"_s12", 1 0, L_00000000049540d8;  1 drivers
L_0000000004954090 .functor BUFT 1, C4<00>, C4<0>, C4<0>, C4<0>;
v0000000004950a70_0 .net/2u *"_s2", 1 0, L_0000000004954090;  1 drivers
v0000000004950b10_0 .net *"_s34", 29 0, L_00000000049acf10;  1 drivers
L_00000000049541f8 .functor BUFT 1, C4<00>, C4<0>, C4<0>, C4<0>;
v0000000004950bb0_0 .net *"_s36", 1 0, L_00000000049541f8;  1 drivers
v0000000004950c50_0 .net *"_s48", 0 0, L_00000000049aed00;  1 drivers
v0000000004950f70_0 .net *"_s5", 25 0, L_0000000004952a80;  1 drivers
v0000000004952760_0 .net *"_s6", 27 0, L_0000000004952b20;  1 drivers
v0000000004952f80_0 .net *"_s8", 27 0, L_0000000004953160;  1 drivers
v0000000004953e80_0 .net "a", 31 0, L_00000000049adb90;  1 drivers
v0000000004953c00_0 .net "address", 31 0, v0000000004951830_0;  1 drivers
v0000000004953f20_0 .net "b", 31 0, L_00000000049aca10;  1 drivers
v0000000004952300_0 .net "bnecheck", 0 0, L_00000000049aea60;  1 drivers
v0000000004953de0_0 .net "branch", 0 0, v000000000494ec40_0;  1 drivers
v0000000004953ac0_0 .net "branchcheck", 0 0, L_00000000049ae8a0;  1 drivers
v0000000004952120_0 .net "branching", 0 0, L_00000000049ae440;  1 drivers
v0000000004953980_0 .net "branchout", 31 0, L_00000000049ac650;  1 drivers
v0000000004952c60_0 .net "clock", 0 0, v0000000004950070_0;  1 drivers
v0000000004952800_0 .net "data1", 31 0, v0000000004951970_0;  1 drivers
v00000000049535c0_0 .net "data2", 31 0, v0000000004951470_0;  1 drivers
v0000000004952440_0 .net "inaddress", 31 0, L_00000000049ac790;  1 drivers
v0000000004952080_0 .net "ipp", 31 0, L_0000000004953b60;  1 drivers
v0000000004952260_0 .net "jr", 0 0, v00000000028fab50_0;  1 drivers
v00000000049528a0_0 .net "jump", 0 0, v000000000494f6e0_0;  1 drivers
v0000000004953840_0 .net "jumpaddress", 31 0, L_00000000049532a0;  1 drivers
v00000000049524e0_0 .net "jumpout", 31 0, L_00000000049ac6f0;  1 drivers
v0000000004953660_0 .net "memread", 0 0, v000000000494eb00_0;  1 drivers
v00000000049521c0_0 .net "memtoreg", 0 0, v000000000494f460_0;  1 drivers
v0000000004952580_0 .net "memwrite", 0 0, v000000000494e7e0_0;  1 drivers
v0000000004953020_0 .net "opm", 31 0, L_0000000002897990;  1 drivers
v00000000049530c0_0 .net "output32", 31 0, v0000000004950cf0_0;  1 drivers
v0000000004953d40_0 .net "output32shifted", 31 0, L_00000000049ad870;  1 drivers
v0000000004953a20_0 .net "readdata", 31 0, v000000000494eec0_0;  1 drivers
v0000000004953700_0 .net "regdst", 0 0, v000000000494f5a0_0;  1 drivers
v0000000004953520_0 .net "regdstresult", 4 0, L_0000000004953480;  1 drivers
v0000000004953340_0 .net "regwrite", 0 0, v000000000494fe60_0;  1 drivers
v0000000004952940_0 .net "shift", 0 0, v00000000028fba50_0;  1 drivers
v00000000049523a0_0 .net "writedataregister", 31 0, L_0000000004953200;  1 drivers
v0000000004952620_0 .net "writereg", 4 0, L_00000000049ac470;  1 drivers
v00000000049526c0_0 .net "zero", 0 0, v00000000028fa290_0;  1 drivers
L_00000000049538e0 .part L_0000000004953b60, 28, 4;
L_0000000004952a80 .part L_0000000002897990, 0, 26;
L_0000000004952b20 .concat [ 26 2 0 0], L_0000000004952a80, L_0000000004954090;
L_0000000004952bc0 .part L_0000000004952b20, 0, 26;
L_0000000004953160 .concat [ 2 26 0 0], L_00000000049540d8, L_0000000004952bc0;
L_00000000049532a0 .concat [ 28 4 0 0], L_0000000004953160, L_00000000049538e0;
L_0000000004952da0 .part L_0000000002897990, 26, 6;
L_00000000049533e0 .part L_0000000002897990, 0, 6;
L_0000000004952e40 .part L_0000000002897990, 16, 5;
L_0000000004952ee0 .part L_0000000002897990, 11, 5;
L_00000000049ac290 .part L_0000000002897990, 21, 5;
L_00000000049acd30 .part L_0000000002897990, 16, 5;
L_00000000049ac510 .part L_0000000002897990, 0, 16;
L_00000000049acf10 .part v0000000004950cf0_0, 0, 30;
L_00000000049ad870 .concat [ 2 30 0 0], L_00000000049541f8, L_00000000049acf10;
L_00000000049ad410 .part L_0000000002897990, 26, 6;
L_00000000049ad2d0 .part L_0000000002897990, 0, 6;
L_00000000049ad910 .part L_0000000002897990, 6, 5;
S_000000000290d620 .scope module, "ALU1" "ALU" 2 114, 2 686 0, S_000000000290d4a0;
 .timescale 0 0;
    .port_info 0 /INPUT 4 "ALUcontrol"
    .port_info 1 /INPUT 32 "a"
    .port_info 2 /INPUT 32 "b"
    .port_info 3 /OUTPUT 32 "ALUout"
    .port_info 4 /INPUT 32 "opm"
    .port_info 5 /OUTPUT 1 "zero"
    .port_info 6 /INPUT 5 "shamt"
    .port_info 7 /INPUT 1 "clock"
v00000000028fa1f0_0 .net/s "ALUcontrol", 3 0, v00000000028fa790_0;  alias, 1 drivers
v00000000028fb4b0_0 .var "ALUout", 31 0;
v00000000028fa8d0_0 .net/s "a", 31 0, v0000000004951970_0;  alias, 1 drivers
v00000000028fb5f0_0 .net/s "b", 31 0, L_00000000049aca10;  alias, 1 drivers
v00000000028fb550_0 .net "clock", 0 0, v0000000004950070_0;  alias, 1 drivers
v00000000028fabf0_0 .var "hilo", 63 0;
v00000000028fb370_0 .net "opm", 31 0, L_0000000002897990;  alias, 1 drivers
v00000000028faa10_0 .net/s "shamt", 4 0, L_00000000049ad910;  1 drivers
v00000000028fa290_0 .var "zero", 0 0;
E_00000000028ff210/0 .event edge, v00000000028fa1f0_0, v00000000028fa8d0_0, v00000000028fb5f0_0, v00000000028fabf0_0;
E_00000000028ff210/1 .event edge, v00000000028faa10_0, v00000000028fb370_0, v00000000028fb4b0_0;
E_00000000028ff210 .event/or E_00000000028ff210/0, E_00000000028ff210/1;
S_0000000002890500 .scope module, "ALU2" "ALU" 2 123, 2 686 0, S_000000000290d4a0;
 .timescale 0 0;
    .port_info 0 /INPUT 4 "ALUcontrol"
    .port_info 1 /INPUT 32 "a"
    .port_info 2 /INPUT 32 "b"
    .port_info 3 /OUTPUT 32 "ALUout"
    .port_info 4 /INPUT 32 "opm"
    .port_info 5 /OUTPUT 1 "zero"
    .port_info 6 /INPUT 5 "shamt"
    .port_info 7 /INPUT 1 "clock"
L_0000000004954240 .functor BUFT 1, C4<0010>, C4<0>, C4<0>, C4<0>;
v00000000028fa470_0 .net/s "ALUcontrol", 3 0, L_0000000004954240;  1 drivers
v00000000028faf10_0 .var "ALUout", 31 0;
v00000000028fb690_0 .net/s "a", 31 0, L_00000000049ad870;  alias, 1 drivers
v00000000028fad30_0 .net/s "b", 31 0, L_0000000004953b60;  alias, 1 drivers
v00000000028fb7d0_0 .net "clock", 0 0, v0000000004950070_0;  alias, 1 drivers
v00000000028fa830_0 .var "hilo", 63 0;
o00000000048f04a8 .functor BUFZ 32, C4<zzzzzzzzzzzzzzzzzzzzzzzzzzzzzzzz>; HiZ drive
v00000000028fb410_0 .net "opm", 31 0, o00000000048f04a8;  0 drivers
o00000000048f04d8 .functor BUFZ 5, C4<zzzzz>; HiZ drive
v00000000028fb870_0 .net/s "shamt", 4 0, o00000000048f04d8;  0 drivers
v00000000028fb9b0_0 .var "zero", 0 0;
E_00000000028ffdd0/0 .event edge, v00000000028fa470_0, v00000000028fb690_0, v00000000028fad30_0, v00000000028fa830_0;
E_00000000028ffdd0/1 .event edge, v00000000028fb870_0, v00000000028fb410_0, v00000000028faf10_0;
E_00000000028ffdd0 .event/or E_00000000028ffdd0/0, E_00000000028ffdd0/1;
S_0000000002890680 .scope module, "ALUControl1" "ALUControl" 2 108, 2 532 0, S_000000000290d4a0;
 .timescale 0 0;
    .port_info 0 /INPUT 2 "ALUop"
    .port_info 1 /INPUT 6 "opcode"
    .port_info 2 /INPUT 6 "func"
    .port_info 3 /OUTPUT 4 "ALUControl"
    .port_info 4 /OUTPUT 1 "shift"
    .port_info 5 /OUTPUT 1 "jr"
v00000000028fa790_0 .var "ALUControl", 3 0;
v00000000028fa970_0 .net "ALUop", 1 0, v00000000028fbaf0_0;  alias, 1 drivers
v00000000028faab0_0 .net "func", 5 0, L_00000000049ad2d0;  1 drivers
v00000000028fab50_0 .var "jr", 0 0;
v00000000028fac90_0 .net "opcode", 5 0, L_00000000049ad410;  1 drivers
v00000000028fba50_0 .var "shift", 0 0;
E_00000000028ff850 .event edge, v00000000028fac90_0, v00000000028faab0_0, v00000000028fa970_0;
S_00000000028b1500 .scope module, "Control1" "Control" 2 84, 2 221 0, S_000000000290d4a0;
 .timescale 0 0;
    .port_info 0 /INPUT 6 "opcode"
    .port_info 1 /INPUT 6 "func"
    .port_info 2 /OUTPUT 1 "regdst"
    .port_info 3 /OUTPUT 1 "jump"
    .port_info 4 /OUTPUT 1 "branch"
    .port_info 5 /OUTPUT 1 "memtoreg"
    .port_info 6 /OUTPUT 1 "memread"
    .port_info 7 /OUTPUT 1 "memwrite"
    .port_info 8 /OUTPUT 1 "ALUsrc"
    .port_info 9 /OUTPUT 1 "regwrite"
    .port_info 10 /OUTPUT 2 "ALUop"
    .port_info 11 /OUTPUT 1 "JAL"
    .port_info 12 /OUTPUT 1 "BNE"
    .port_info 13 /OUTPUT 1 "Syscallop"
L_0000000002897d10 .functor AND 1, L_0000000004952d00, L_0000000004953ca0, C4<1>, C4<1>;
v00000000028fbaf0_0 .var "ALUop", 1 0;
v00000000028fadd0_0 .var "ALUsrc", 0 0;
v00000000028fafb0_0 .var "BNE", 0 0;
v00000000028fb050_0 .var "JAL", 0 0;
v00000000028fb0f0_0 .net "Syscallop", 0 0, L_0000000002897d10;  alias, 1 drivers
L_0000000004954120 .functor BUFT 1, C4<000000>, C4<0>, C4<0>, C4<0>;
v00000000028db4e0_0 .net/2u *"_s0", 5 0, L_0000000004954120;  1 drivers
v000000000494f500_0 .net *"_s2", 0 0, L_0000000004952d00;  1 drivers
L_0000000004954168 .functor BUFT 1, C4<001100>, C4<0>, C4<0>, C4<0>;
v000000000494ff00_0 .net/2u *"_s4", 5 0, L_0000000004954168;  1 drivers
v000000000494e060_0 .net *"_s6", 0 0, L_0000000004953ca0;  1 drivers
v000000000494ec40_0 .var "branch", 0 0;
v000000000494f140_0 .net "func", 5 0, L_00000000049533e0;  1 drivers
v000000000494f6e0_0 .var "jump", 0 0;
v000000000494eb00_0 .var "memread", 0 0;
v000000000494f460_0 .var "memtoreg", 0 0;
v000000000494e7e0_0 .var "memwrite", 0 0;
v000000000494ef60_0 .net "opcode", 5 0, L_0000000004952da0;  1 drivers
v000000000494f5a0_0 .var "regdst", 0 0;
v000000000494fe60_0 .var "regwrite", 0 0;
E_00000000028ff150 .event edge, v00000000028fb0f0_0, v000000000494ef60_0;
L_0000000004952d00 .cmp/eq 6, L_0000000004952da0, L_0000000004954120;
L_0000000004953ca0 .cmp/eq 6, L_00000000049533e0, L_0000000004954168;
S_00000000028a0480 .scope module, "DMU1" "DMU" 2 117, 2 649 0, S_000000000290d4a0;
 .timescale 0 0;
    .port_info 0 /OUTPUT 32 "readdata"
    .port_info 1 /INPUT 32 "address"
    .port_info 2 /INPUT 32 "writedata"
    .port_info 3 /INPUT 1 "memwrite"
    .port_info 4 /INPUT 1 "memread"
    .port_info 5 /INPUT 1 "clock"
v000000000494e6a0_0 .net "address", 31 0, v0000000004951830_0;  alias, 1 drivers
v000000000494fbe0_0 .net "clock", 0 0, v0000000004950070_0;  alias, 1 drivers
v000000000494ed80 .array "mem", 1023 0, 31 0;
v000000000494ece0_0 .net "memread", 0 0, v000000000494eb00_0;  alias, 1 drivers
v000000000494ee20_0 .net "memwrite", 0 0, v000000000494e7e0_0;  alias, 1 drivers
v000000000494eec0_0 .var "readdata", 31 0;
v000000000494f780_0 .net "writedata", 31 0, v0000000004951470_0;  alias, 1 drivers
E_00000000028ff550 .event posedge, v00000000028fb550_0;
S_00000000028a0600 .scope module, "MUX5JAL2" "MUX5" 2 96, 2 187 0, S_000000000290d4a0;
 .timescale 0 0;
    .port_info 0 /INPUT 5 "input1"
    .port_info 1 /INPUT 5 "input2"
    .port_info 2 /INPUT 1 "select"
    .port_info 3 /OUTPUT 5 "result"
v000000000494f0a0_0 .net "input1", 4 0, L_0000000004953480;  alias, 1 drivers
L_00000000049541b0 .functor BUFT 1, C4<11111>, C4<0>, C4<0>, C4<0>;
v000000000494e4c0_0 .net "input2", 4 0, L_00000000049541b0;  1 drivers
v000000000494ea60_0 .net "result", 4 0, L_00000000049ac470;  alias, 1 drivers
v000000000494f000_0 .net "select", 0 0, v00000000028fb050_0;  alias, 1 drivers
L_00000000049ac470 .functor MUXZ 5, L_0000000004953480, L_00000000049541b0, v00000000028fb050_0, C4<>;
S_00000000028b9f60 .scope module, "MUX5regdst1" "MUX5" 2 90, 2 187 0, S_000000000290d4a0;
 .timescale 0 0;
    .port_info 0 /INPUT 5 "input1"
    .port_info 1 /INPUT 5 "input2"
    .port_info 2 /INPUT 1 "select"
    .port_info 3 /OUTPUT 5 "result"
v000000000494e560_0 .net "input1", 4 0, L_0000000004952e40;  1 drivers
v000000000494e420_0 .net "input2", 4 0, L_0000000004952ee0;  1 drivers
v000000000494f1e0_0 .net "result", 4 0, L_0000000004953480;  alias, 1 drivers
v000000000494f640_0 .net "select", 0 0, v000000000494f5a0_0;  alias, 1 drivers
L_0000000004953480 .functor MUXZ 5, L_0000000004952e40, L_0000000004952ee0, v000000000494f5a0_0, C4<>;
S_00000000028ba0e0 .scope module, "MUXALUsrc1" "MUX" 2 111, 2 167 0, S_000000000290d4a0;
 .timescale 0 0;
    .port_info 0 /INPUT 32 "input1"
    .port_info 1 /INPUT 32 "input2"
    .port_info 2 /INPUT 1 "select"
    .port_info 3 /OUTPUT 32 "result"
v000000000494fb40_0 .net "input1", 31 0, v0000000004951470_0;  alias, 1 drivers
v000000000494f280_0 .net "input2", 31 0, v0000000004950cf0_0;  alias, 1 drivers
v000000000494f820_0 .net "result", 31 0, L_00000000049aca10;  alias, 1 drivers
v000000000494f8c0_0 .net "select", 0 0, v00000000028fadd0_0;  alias, 1 drivers
L_00000000049aca10 .functor MUXZ 32, v0000000004951470_0, v0000000004950cf0_0, v00000000028fadd0_0, C4<>;
S_0000000002879410 .scope module, "MUXJAL1" "MUX" 2 93, 2 167 0, S_000000000290d4a0;
 .timescale 0 0;
    .port_info 0 /INPUT 32 "input1"
    .port_info 1 /INPUT 32 "input2"
    .port_info 2 /INPUT 1 "select"
    .port_info 3 /OUTPUT 32 "result"
v000000000494f320_0 .net "input1", 31 0, L_00000000049ad9b0;  alias, 1 drivers
v000000000494eba0_0 .net "input2", 31 0, L_0000000004953b60;  alias, 1 drivers
v000000000494e880_0 .net "result", 31 0, L_0000000004953200;  alias, 1 drivers
v000000000494fdc0_0 .net "select", 0 0, v00000000028fb050_0;  alias, 1 drivers
L_0000000004953200 .functor MUXZ 32, L_00000000049ad9b0, L_0000000004953b60, v00000000028fb050_0, C4<>;
S_0000000002879590 .scope module, "MUXbranch1" "MUX" 2 134, 2 167 0, S_000000000290d4a0;
 .timescale 0 0;
    .port_info 0 /INPUT 32 "input1"
    .port_info 1 /INPUT 32 "input2"
    .port_info 2 /INPUT 1 "select"
    .port_info 3 /OUTPUT 32 "result"
v000000000494fc80_0 .net "input1", 31 0, L_0000000004953b60;  alias, 1 drivers
v000000000494f3c0_0 .net "input2", 31 0, v00000000028faf10_0;  alias, 1 drivers
v000000000494e600_0 .net "result", 31 0, L_00000000049ac650;  alias, 1 drivers
v000000000494f960_0 .net "select", 0 0, L_00000000049ae440;  alias, 1 drivers
L_00000000049ac650 .functor MUXZ 32, L_0000000004953b60, v00000000028faf10_0, L_00000000049ae440, C4<>;
S_0000000002878360 .scope module, "MUXjr1" "MUX" 2 143, 2 167 0, S_000000000290d4a0;
 .timescale 0 0;
    .port_info 0 /INPUT 32 "input1"
    .port_info 1 /INPUT 32 "input2"
    .port_info 2 /INPUT 1 "select"
    .port_info 3 /OUTPUT 32 "result"
v000000000494fa00_0 .net "input1", 31 0, L_00000000049ac6f0;  alias, 1 drivers
v000000000494e1a0_0 .net "input2", 31 0, v00000000028fb4b0_0;  alias, 1 drivers
v000000000494faa0_0 .net "result", 31 0, L_00000000049ac790;  alias, 1 drivers
v000000000494fd20_0 .net "select", 0 0, v00000000028fab50_0;  alias, 1 drivers
L_00000000049ac790 .functor MUXZ 32, L_00000000049ac6f0, v00000000028fb4b0_0, v00000000028fab50_0, C4<>;
S_00000000028784e0 .scope module, "MUXjump1" "MUX" 2 137, 2 167 0, S_000000000290d4a0;
 .timescale 0 0;
    .port_info 0 /INPUT 32 "input1"
    .port_info 1 /INPUT 32 "input2"
    .port_info 2 /INPUT 1 "select"
    .port_info 3 /OUTPUT 32 "result"
v000000000494e100_0 .net "input1", 31 0, L_00000000049ac650;  alias, 1 drivers
v000000000494e740_0 .net "input2", 31 0, L_00000000049532a0;  alias, 1 drivers
v000000000494e240_0 .net "result", 31 0, L_00000000049ac6f0;  alias, 1 drivers
v000000000494e2e0_0 .net "select", 0 0, v000000000494f6e0_0;  alias, 1 drivers
L_00000000049ac6f0 .functor MUXZ 32, L_00000000049ac650, L_00000000049532a0, v000000000494f6e0_0, C4<>;
S_00000000028a7cc0 .scope module, "MUXmemtoreg1" "MUX" 2 120, 2 167 0, S_000000000290d4a0;
 .timescale 0 0;
    .port_info 0 /INPUT 32 "input1"
    .port_info 1 /INPUT 32 "input2"
    .port_info 2 /INPUT 1 "select"
    .port_info 3 /OUTPUT 32 "result"
v000000000494e380_0 .net "input1", 31 0, v00000000028fb4b0_0;  alias, 1 drivers
v000000000494e920_0 .net "input2", 31 0, v000000000494eec0_0;  alias, 1 drivers
v000000000494e9c0_0 .net "result", 31 0, L_00000000049ad9b0;  alias, 1 drivers
v00000000049511f0_0 .net "select", 0 0, v000000000494f460_0;  alias, 1 drivers
L_00000000049ad9b0 .functor MUXZ 32, v00000000028fb4b0_0, v000000000494eec0_0, v000000000494f460_0, C4<>;
S_00000000028a7e40 .scope module, "MUXshift1" "MUX" 2 140, 2 167 0, S_000000000290d4a0;
 .timescale 0 0;
    .port_info 0 /INPUT 32 "input1"
    .port_info 1 /INPUT 32 "input2"
    .port_info 2 /INPUT 1 "select"
    .port_info 3 /OUTPUT 32 "result"
v00000000049513d0_0 .net "input1", 31 0, v0000000004951970_0;  alias, 1 drivers
v00000000049510b0_0 .net "input2", 31 0, v0000000004950cf0_0;  alias, 1 drivers
v0000000004951290_0 .net "result", 31 0, L_00000000049adb90;  alias, 1 drivers
v00000000049507f0_0 .net "select", 0 0, v00000000028fba50_0;  alias, 1 drivers
L_00000000049adb90 .functor MUXZ 32, v0000000004951970_0, v0000000004950cf0_0, v00000000028fba50_0, C4<>;
S_00000000028798b0 .scope module, "Registers1" "Registers" 2 99, 2 606 0, S_000000000290d4a0;
 .timescale 0 0;
    .port_info 0 /INPUT 5 "read1"
    .port_info 1 /INPUT 5 "read2"
    .port_info 2 /INPUT 5 "writereg"
    .port_info 3 /INPUT 32 "writedataregister"
    .port_info 4 /INPUT 1 "write"
    .port_info 5 /INPUT 1 "clock"
    .port_info 6 /OUTPUT 32 "data1"
    .port_info 7 /OUTPUT 32 "data2"
v0000000004951f10_0 .net "clock", 0 0, v0000000004950070_0;  alias, 1 drivers
v0000000004951970_0 .var "data1", 31 0;
v0000000004951470_0 .var "data2", 31 0;
v0000000004951330_0 .net "read1", 4 0, L_00000000049ac290;  1 drivers
v0000000004950750_0 .net "read2", 4 0, L_00000000049acd30;  1 drivers
v0000000004950ed0 .array "registerarray", 0 31, 31 0;
v0000000004951bf0_0 .net "write", 0 0, v000000000494fe60_0;  alias, 1 drivers
v0000000004950610_0 .net "writedataregister", 31 0, L_0000000004953200;  alias, 1 drivers
v0000000004951150_0 .net "writereg", 4 0, L_00000000049ac470;  alias, 1 drivers
E_00000000028ff510 .event negedge, v00000000028fb550_0;
S_0000000002879a30 .scope module, "SignExtend1" "SignExtend" 2 102, 2 740 0, S_000000000290d4a0;
 .timescale 0 0;
    .port_info 0 /INPUT 16 "input16"
    .port_info 1 /OUTPUT 32 "output32"
v0000000004951c90_0 .net "input16", 15 0, L_00000000049ac510;  1 drivers
v0000000004950cf0_0 .var "output32", 31 0;
E_0000000002900050 .event edge, v0000000004951c90_0;
S_000000000291de80 .scope module, "SyscallControl1" "SyscallControl" 2 87, 2 453 0, S_000000000290d4a0;
 .timescale 0 0;
    .port_info 0 /INPUT 1 "Syscallop"
v00000000049515b0_0 .net "Syscallop", 0 0, L_0000000002897d10;  alias, 1 drivers
v0000000004951d30_0 .var "index", 10 0;
v0000000004951650_0 .var "printchar", 7 0;
E_0000000002900610 .event posedge, v00000000028fb0f0_0;
S_000000000291d280 .scope module, "adder" "Adder" 2 75, 2 828 0, S_000000000290d4a0;
 .timescale 0 0;
    .port_info 0 /OUTPUT 32 "ipp"
    .port_info 1 /INPUT 32 "address"
P_0000000002900210 .param/l "INCREMENT" 0 2 833, C4<00000000000000000000000000000100>;
L_0000000004954048 .functor BUFT 1, C4<00000000000000000000000000000100>, C4<0>, C4<0>, C4<0>;
v0000000004950430_0 .net/2u *"_s0", 31 0, L_0000000004954048;  1 drivers
v00000000049504d0_0 .net "address", 31 0, v0000000004951830_0;  alias, 1 drivers
v0000000004951a10_0 .net "ipp", 31 0, L_0000000004953b60;  alias, 1 drivers
L_0000000004953b60 .arith/sum 32, v0000000004951830_0, L_0000000004954048;
S_000000000291d880 .scope module, "clock1" "Clock" 2 69, 2 874 0, S_000000000290d4a0;
 .timescale 0 0;
    .port_info 0 /OUTPUT 1 "clock"
P_00000000028b13c0 .param/l "HI" 0 2 876, +C4<00000000000000000000000000001010>;
P_00000000028b13f8 .param/l "LO" 0 2 876, +C4<00000000000000000000000000001010>;
v0000000004950070_0 .var "clock", 0 0;
S_000000000291db80 .scope module, "im1" "IM" 2 78, 2 849 0, S_000000000290d4a0;
 .timescale 0 0;
    .port_info 0 /OUTPUT 32 "opm"
    .port_info 1 /INPUT 32 "address"
    .port_info 2 /INPUT 1 "clock"
L_0000000002897990 .functor BUFZ 32, L_00000000049537a0, C4<00000000000000000000000000000000>, C4<00000000000000000000000000000000>, C4<00000000000000000000000000000000>;
v0000000004951510_0 .net *"_s0", 31 0, L_00000000049537a0;  1 drivers
v0000000004950d90_0 .net *"_s3", 29 0, L_00000000049529e0;  1 drivers
v00000000049516f0_0 .net "address", 31 0, v0000000004951830_0;  alias, 1 drivers
v0000000004951790_0 .net "clock", 0 0, v0000000004950070_0;  alias, 1 drivers
v0000000004951dd0 .array "mem", 4095 0, 31 0;
v0000000004951e70_0 .net "opm", 31 0, L_0000000002897990;  alias, 1 drivers
L_00000000049537a0 .array/port v0000000004951dd0, L_00000000049529e0;
L_00000000049529e0 .part v0000000004951830_0, 2, 30;
S_000000000291d100 .scope module, "pc" "PC" 2 72, 2 791 0, S_000000000290d4a0;
 .timescale 0 0;
    .port_info 0 /OUTPUT 32 "address"
    .port_info 1 /INPUT 32 "inaddress"
    .port_info 2 /INPUT 1 "clock"
v0000000004951830_0 .var "address", 31 0;
v00000000049501b0_0 .net "clock", 0 0, v0000000004950070_0;  alias, 1 drivers
v00000000049518d0_0 .net "inaddress", 31 0, L_00000000049ac790;  alias, 1 drivers
v0000000004951b50_0 .var "start", 0 0;
    .scope S_000000000291d880;
T_0 ;
    %pushi/vec4 0, 0, 1;
    %store/vec4 v0000000004950070_0, 0, 1;
    %end;
    .thread T_0;
    .scope S_000000000291d880;
T_1 ;
    %delay 10, 0;
    %load/vec4 v0000000004950070_0;
    %inv;
    %store/vec4 v0000000004950070_0, 0, 1;
    %delay 10, 0;
    %load/vec4 v0000000004950070_0;
    %inv;
    %store/vec4 v0000000004950070_0, 0, 1;
    %jmp T_1;
    .thread T_1;
    .scope S_000000000291d100;
T_2 ;
    %pushi/vec4 0, 0, 1;
    %store/vec4 v0000000004951b50_0, 0, 1;
    %pushi/vec4 12288, 0, 32;
    %store/vec4 v0000000004951830_0, 0, 32;
    %end;
    .thread T_2;
    .scope S_000000000291d100;
T_3 ;
    %wait E_00000000028ff550;
    %load/vec4 v0000000004951b50_0;
    %flag_set/vec4 8;
    %jmp/0xz  T_3.0, 8;
    %load/vec4 v00000000049518d0_0;
    %store/vec4 v0000000004951830_0, 0, 32;
T_3.0 ;
    %load/vec4 v0000000004951b50_0;
    %nor/r;
    %flag_set/vec4 8;
    %jmp/0xz  T_3.2, 8;
    %pushi/vec4 12288, 0, 32;
    %store/vec4 v0000000004951830_0, 0, 32;
    %pushi/vec4 1, 0, 1;
    %store/vec4 v0000000004951b50_0, 0, 1;
T_3.2 ;
    %jmp T_3;
    .thread T_3;
    .scope S_000000000291db80;
T_4 ;
    %vpi_call 2 859 "$readmemb", "fact-base=0x3000", v0000000004951dd0, 32'sb00000000000000000000110000000000 {0 0 0};
    %end;
    .thread T_4;
    .scope S_00000000028b1500;
T_5 ;
    %wait E_00000000028ff150;
    %load/vec4 v00000000028fb0f0_0;
    %flag_set/vec4 8;
    %jmp/0xz  T_5.0, 8;
    %vpi_call 2 271 "$display", "System call." {0 0 0};
    %pushi/vec4 0, 0, 1;
    %store/vec4 v00000000028fb050_0, 0, 1;
    %pushi/vec4 0, 0, 1;
    %store/vec4 v00000000028fafb0_0, 0, 1;
    %pushi/vec4 1, 0, 1;
    %store/vec4 v000000000494f5a0_0, 0, 1;
    %pushi/vec4 0, 0, 1;
    %store/vec4 v00000000028fadd0_0, 0, 1;
    %pushi/vec4 0, 0, 1;
    %store/vec4 v000000000494f460_0, 0, 1;
    %pushi/vec4 0, 0, 1;
    %store/vec4 v000000000494fe60_0, 0, 1;
    %pushi/vec4 0, 0, 1;
    %store/vec4 v000000000494eb00_0, 0, 1;
    %pushi/vec4 0, 0, 1;
    %store/vec4 v000000000494e7e0_0, 0, 1;
    %pushi/vec4 0, 0, 1;
    %store/vec4 v000000000494ec40_0, 0, 1;
    %pushi/vec4 0, 0, 1;
    %store/vec4 v000000000494f6e0_0, 0, 1;
    %pushi/vec4 2, 0, 2;
    %store/vec4 v00000000028fbaf0_0, 0, 2;
T_5.0 ;
    %load/vec4 v000000000494ef60_0;
    %cmpi/e 0, 0, 6;
    %flag_mov 8, 4;
    %load/vec4 v000000000494ef60_0;
    %cmpi/e 0, 0, 6;
    %flag_or 4, 8;
    %flag_mov 8, 4;
    %load/vec4 v000000000494ef60_0;
    %cmpi/e 0, 0, 6;
    %flag_or 4, 8;
    %flag_mov 8, 4;
    %load/vec4 v000000000494ef60_0;
    %cmpi/e 0, 0, 6;
    %flag_or 4, 8;
    %flag_mov 8, 4;
    %load/vec4 v000000000494ef60_0;
    %cmpi/e 0, 0, 6;
    %flag_or 4, 8;
    %flag_mov 8, 4;
    %load/vec4 v000000000494ef60_0;
    %cmpi/e 0, 0, 6;
    %flag_or 4, 8;
    %flag_mov 8, 4;
    %load/vec4 v000000000494ef60_0;
    %cmpi/e 0, 0, 6;
    %flag_or 4, 8;
    %flag_mov 8, 4;
    %load/vec4 v000000000494ef60_0;
    %cmpi/e 0, 0, 6;
    %flag_or 4, 8;
    %flag_mov 8, 4;
    %load/vec4 v000000000494ef60_0;
    %cmpi/e 0, 0, 6;
    %flag_or 4, 8;
    %flag_mov 8, 4;
    %load/vec4 v000000000494ef60_0;
    %cmpi/e 0, 0, 6;
    %flag_or 4, 8;
    %flag_mov 8, 4;
    %load/vec4 v000000000494ef60_0;
    %cmpi/e 0, 0, 6;
    %flag_or 4, 8;
    %flag_mov 8, 4;
    %load/vec4 v000000000494ef60_0;
    %cmpi/e 0, 0, 6;
    %flag_or 4, 8;
    %flag_mov 8, 4;
    %load/vec4 v000000000494ef60_0;
    %cmpi/e 0, 0, 6;
    %flag_or 4, 8;
    %jmp/0xz  T_5.2, 4;
    %vpi_call 2 287 "$display", "R-type." {0 0 0};
    %pushi/vec4 0, 0, 1;
    %store/vec4 v00000000028fb050_0, 0, 1;
    %pushi/vec4 0, 0, 1;
    %store/vec4 v00000000028fafb0_0, 0, 1;
    %pushi/vec4 1, 0, 1;
    %store/vec4 v000000000494f5a0_0, 0, 1;
    %pushi/vec4 0, 0, 1;
    %store/vec4 v00000000028fadd0_0, 0, 1;
    %pushi/vec4 0, 0, 1;
    %store/vec4 v000000000494f460_0, 0, 1;
    %pushi/vec4 1, 0, 1;
    %store/vec4 v000000000494fe60_0, 0, 1;
    %pushi/vec4 0, 0, 1;
    %store/vec4 v000000000494eb00_0, 0, 1;
    %pushi/vec4 0, 0, 1;
    %store/vec4 v000000000494e7e0_0, 0, 1;
    %pushi/vec4 0, 0, 1;
    %store/vec4 v000000000494ec40_0, 0, 1;
    %pushi/vec4 0, 0, 1;
    %store/vec4 v000000000494f6e0_0, 0, 1;
    %pushi/vec4 2, 0, 2;
    %store/vec4 v00000000028fbaf0_0, 0, 2;
    %jmp T_5.3;
T_5.2 ;
    %load/vec4 v000000000494ef60_0;
    %cmpi/e 28, 0, 6;
    %jmp/0xz  T_5.4, 4;
    %vpi_call 2 303 "$display", "MUL Multiply.", " " {0 0 0};
    %pushi/vec4 0, 0, 1;
    %store/vec4 v00000000028fb050_0, 0, 1;
    %pushi/vec4 0, 0, 1;
    %store/vec4 v00000000028fafb0_0, 0, 1;
    %pushi/vec4 0, 0, 1;
    %store/vec4 v000000000494f5a0_0, 0, 1;
    %pushi/vec4 1, 0, 1;
    %store/vec4 v00000000028fadd0_0, 0, 1;
    %pushi/vec4 0, 0, 1;
    %store/vec4 v000000000494f460_0, 0, 1;
    %pushi/vec4 1, 0, 1;
    %store/vec4 v000000000494fe60_0, 0, 1;
    %pushi/vec4 0, 0, 1;
    %store/vec4 v000000000494eb00_0, 0, 1;
    %pushi/vec4 0, 0, 1;
    %store/vec4 v000000000494e7e0_0, 0, 1;
    %pushi/vec4 0, 0, 1;
    %store/vec4 v000000000494ec40_0, 0, 1;
    %pushi/vec4 0, 0, 1;
    %store/vec4 v000000000494f6e0_0, 0, 1;
    %pushi/vec4 3, 0, 2;
    %store/vec4 v00000000028fbaf0_0, 0, 2;
    %jmp T_5.5;
T_5.4 ;
    %load/vec4 v000000000494ef60_0;
    %cmpi/e 15, 0, 6;
    %jmp/0xz  T_5.6, 4;
    %vpi_call 2 318 "$display", "Load upper immediate" {0 0 0};
    %pushi/vec4 0, 0, 1;
    %store/vec4 v00000000028fb050_0, 0, 1;
    %pushi/vec4 0, 0, 1;
    %store/vec4 v00000000028fafb0_0, 0, 1;
    %pushi/vec4 0, 0, 1;
    %store/vec4 v000000000494f5a0_0, 0, 1;
    %pushi/vec4 1, 0, 1;
    %store/vec4 v00000000028fadd0_0, 0, 1;
    %pushi/vec4 0, 0, 1;
    %store/vec4 v000000000494f460_0, 0, 1;
    %pushi/vec4 1, 0, 1;
    %store/vec4 v000000000494fe60_0, 0, 1;
    %pushi/vec4 0, 0, 1;
    %store/vec4 v000000000494eb00_0, 0, 1;
    %pushi/vec4 0, 0, 1;
    %store/vec4 v000000000494e7e0_0, 0, 1;
    %pushi/vec4 0, 0, 1;
    %store/vec4 v000000000494ec40_0, 0, 1;
    %pushi/vec4 0, 0, 1;
    %store/vec4 v000000000494f6e0_0, 0, 1;
    %pushi/vec4 3, 0, 2;
    %store/vec4 v00000000028fbaf0_0, 0, 2;
    %jmp T_5.7;
T_5.6 ;
    %load/vec4 v000000000494ef60_0;
    %cmpi/e 35, 0, 6;
    %jmp/0xz  T_5.8, 4;
    %vpi_call 2 335 "$display", "Load word." {0 0 0};
    %pushi/vec4 0, 0, 1;
    %store/vec4 v00000000028fb050_0, 0, 1;
    %pushi/vec4 0, 0, 1;
    %store/vec4 v00000000028fafb0_0, 0, 1;
    %pushi/vec4 0, 0, 1;
    %store/vec4 v000000000494f5a0_0, 0, 1;
    %pushi/vec4 1, 0, 1;
    %store/vec4 v00000000028fadd0_0, 0, 1;
    %pushi/vec4 1, 0, 1;
    %store/vec4 v000000000494f460_0, 0, 1;
    %pushi/vec4 1, 0, 1;
    %store/vec4 v000000000494fe60_0, 0, 1;
    %pushi/vec4 1, 0, 1;
    %store/vec4 v000000000494eb00_0, 0, 1;
    %pushi/vec4 0, 0, 1;
    %store/vec4 v000000000494e7e0_0, 0, 1;
    %pushi/vec4 0, 0, 1;
    %store/vec4 v000000000494ec40_0, 0, 1;
    %pushi/vec4 0, 0, 1;
    %store/vec4 v000000000494f6e0_0, 0, 1;
    %pushi/vec4 0, 0, 2;
    %store/vec4 v00000000028fbaf0_0, 0, 2;
    %jmp T_5.9;
T_5.8 ;
    %load/vec4 v000000000494ef60_0;
    %cmpi/e 43, 0, 6;
    %jmp/0xz  T_5.10, 4;
    %vpi_call 2 351 "$display", "Store word" {0 0 0};
    %pushi/vec4 0, 0, 1;
    %store/vec4 v00000000028fb050_0, 0, 1;
    %pushi/vec4 0, 0, 1;
    %store/vec4 v00000000028fafb0_0, 0, 1;
    %pushi/vec4 0, 0, 1;
    %store/vec4 v000000000494f5a0_0, 0, 1;
    %pushi/vec4 1, 0, 1;
    %store/vec4 v00000000028fadd0_0, 0, 1;
    %pushi/vec4 0, 0, 1;
    %store/vec4 v000000000494f460_0, 0, 1;
    %pushi/vec4 0, 0, 1;
    %store/vec4 v000000000494fe60_0, 0, 1;
    %pushi/vec4 0, 0, 1;
    %store/vec4 v000000000494eb00_0, 0, 1;
    %pushi/vec4 1, 0, 1;
    %store/vec4 v000000000494e7e0_0, 0, 1;
    %pushi/vec4 0, 0, 1;
    %store/vec4 v000000000494ec40_0, 0, 1;
    %pushi/vec4 0, 0, 1;
    %store/vec4 v000000000494f6e0_0, 0, 1;
    %pushi/vec4 0, 0, 2;
    %store/vec4 v00000000028fbaf0_0, 0, 2;
    %jmp T_5.11;
T_5.10 ;
    %load/vec4 v000000000494ef60_0;
    %cmpi/e 4, 0, 6;
    %jmp/0xz  T_5.12, 4;
    %vpi_call 2 367 "$display", "Branch on equal." {0 0 0};
    %pushi/vec4 0, 0, 1;
    %store/vec4 v00000000028fb050_0, 0, 1;
    %pushi/vec4 0, 0, 1;
    %store/vec4 v00000000028fafb0_0, 0, 1;
    %pushi/vec4 0, 0, 1;
    %store/vec4 v000000000494f5a0_0, 0, 1;
    %pushi/vec4 0, 0, 1;
    %store/vec4 v00000000028fadd0_0, 0, 1;
    %pushi/vec4 0, 0, 1;
    %store/vec4 v000000000494f460_0, 0, 1;
    %pushi/vec4 0, 0, 1;
    %store/vec4 v000000000494fe60_0, 0, 1;
    %pushi/vec4 0, 0, 1;
    %store/vec4 v000000000494eb00_0, 0, 1;
    %pushi/vec4 0, 0, 1;
    %store/vec4 v000000000494e7e0_0, 0, 1;
    %pushi/vec4 1, 0, 1;
    %store/vec4 v000000000494ec40_0, 0, 1;
    %pushi/vec4 0, 0, 1;
    %store/vec4 v000000000494f6e0_0, 0, 1;
    %pushi/vec4 1, 0, 2;
    %store/vec4 v00000000028fbaf0_0, 0, 2;
    %jmp T_5.13;
T_5.12 ;
    %load/vec4 v000000000494ef60_0;
    %cmpi/e 5, 0, 6;
    %jmp/0xz  T_5.14, 4;
    %vpi_call 2 383 "$display", "Branch on not equal." {0 0 0};
    %load/vec4 v000000000494ef60_0;
    %pushi/vec4 5, 0, 6;
    %cmp/e;
    %flag_get/vec4 4;
    %store/vec4 v00000000028fafb0_0, 0, 1;
    %pushi/vec4 0, 0, 1;
    %store/vec4 v00000000028fb050_0, 0, 1;
    %pushi/vec4 0, 0, 1;
    %store/vec4 v000000000494f5a0_0, 0, 1;
    %pushi/vec4 0, 0, 1;
    %store/vec4 v00000000028fadd0_0, 0, 1;
    %pushi/vec4 1, 0, 1;
    %store/vec4 v000000000494f460_0, 0, 1;
    %pushi/vec4 0, 0, 1;
    %store/vec4 v000000000494fe60_0, 0, 1;
    %pushi/vec4 0, 0, 1;
    %store/vec4 v000000000494eb00_0, 0, 1;
    %pushi/vec4 1, 0, 1;
    %store/vec4 v000000000494e7e0_0, 0, 1;
    %pushi/vec4 1, 0, 1;
    %store/vec4 v000000000494ec40_0, 0, 1;
    %pushi/vec4 0, 0, 1;
    %store/vec4 v000000000494f6e0_0, 0, 1;
    %pushi/vec4 1, 0, 2;
    %store/vec4 v00000000028fbaf0_0, 0, 2;
    %jmp T_5.15;
T_5.14 ;
    %load/vec4 v000000000494ef60_0;
    %cmpi/e 2, 0, 6;
    %jmp/0xz  T_5.16, 4;
    %vpi_call 2 399 "$display", "Jump." {0 0 0};
    %pushi/vec4 0, 0, 1;
    %store/vec4 v00000000028fb050_0, 0, 1;
    %pushi/vec4 0, 0, 1;
    %store/vec4 v00000000028fafb0_0, 0, 1;
    %pushi/vec4 0, 0, 1;
    %store/vec4 v000000000494f5a0_0, 0, 1;
    %pushi/vec4 0, 0, 1;
    %store/vec4 v00000000028fadd0_0, 0, 1;
    %pushi/vec4 0, 0, 1;
    %store/vec4 v000000000494f460_0, 0, 1;
    %pushi/vec4 0, 0, 1;
    %store/vec4 v000000000494fe60_0, 0, 1;
    %pushi/vec4 0, 0, 1;
    %store/vec4 v000000000494eb00_0, 0, 1;
    %pushi/vec4 0, 0, 1;
    %store/vec4 v000000000494e7e0_0, 0, 1;
    %pushi/vec4 0, 0, 1;
    %store/vec4 v000000000494ec40_0, 0, 1;
    %pushi/vec4 1, 0, 1;
    %store/vec4 v000000000494f6e0_0, 0, 1;
    %pushi/vec4 0, 0, 2;
    %store/vec4 v00000000028fbaf0_0, 0, 2;
    %jmp T_5.17;
T_5.16 ;
    %load/vec4 v000000000494ef60_0;
    %cmpi/e 3, 0, 6;
    %jmp/0xz  T_5.18, 4;
    %vpi_call 2 415 "$display", "Jump and link." {0 0 0};
    %load/vec4 v000000000494ef60_0;
    %pushi/vec4 3, 0, 6;
    %cmp/e;
    %flag_get/vec4 4;
    %store/vec4 v00000000028fb050_0, 0, 1;
    %pushi/vec4 0, 0, 1;
    %store/vec4 v00000000028fafb0_0, 0, 1;
    %pushi/vec4 1, 0, 1;
    %store/vec4 v000000000494f5a0_0, 0, 1;
    %pushi/vec4 0, 0, 1;
    %store/vec4 v00000000028fadd0_0, 0, 1;
    %pushi/vec4 1, 0, 1;
    %store/vec4 v000000000494f460_0, 0, 1;
    %pushi/vec4 1, 0, 1;
    %store/vec4 v000000000494fe60_0, 0, 1;
    %pushi/vec4 0, 0, 1;
    %store/vec4 v000000000494eb00_0, 0, 1;
    %pushi/vec4 0, 0, 1;
    %store/vec4 v000000000494e7e0_0, 0, 1;
    %pushi/vec4 0, 0, 1;
    %store/vec4 v000000000494ec40_0, 0, 1;
    %pushi/vec4 1, 0, 1;
    %store/vec4 v000000000494f6e0_0, 0, 1;
    %pushi/vec4 0, 0, 2;
    %store/vec4 v00000000028fbaf0_0, 0, 2;
    %jmp T_5.19;
T_5.18 ;
    %vpi_call 2 431 "$display", "Unknown instruction." {0 0 0};
    %pushi/vec4 0, 0, 1;
    %store/vec4 v00000000028fb050_0, 0, 1;
    %pushi/vec4 0, 0, 1;
    %store/vec4 v00000000028fafb0_0, 0, 1;
    %pushi/vec4 0, 0, 1;
    %store/vec4 v000000000494f5a0_0, 0, 1;
    %pushi/vec4 0, 0, 1;
    %store/vec4 v00000000028fadd0_0, 0, 1;
    %pushi/vec4 0, 0, 1;
    %store/vec4 v000000000494f460_0, 0, 1;
    %pushi/vec4 0, 0, 1;
    %store/vec4 v000000000494fe60_0, 0, 1;
    %pushi/vec4 0, 0, 1;
    %store/vec4 v000000000494eb00_0, 0, 1;
    %pushi/vec4 0, 0, 1;
    %store/vec4 v000000000494e7e0_0, 0, 1;
    %pushi/vec4 0, 0, 1;
    %store/vec4 v000000000494ec40_0, 0, 1;
    %pushi/vec4 0, 0, 1;
    %store/vec4 v000000000494f6e0_0, 0, 1;
    %pushi/vec4 0, 0, 2;
    %store/vec4 v00000000028fbaf0_0, 0, 2;
T_5.19 ;
T_5.17 ;
T_5.15 ;
T_5.13 ;
T_5.11 ;
T_5.9 ;
T_5.7 ;
T_5.5 ;
T_5.3 ;
    %jmp T_5;
    .thread T_5, $push;
    .scope S_000000000291de80;
T_6 ;
    %wait E_0000000002900610;
    %ix/load 4, 2, 0;
    %flag_set/imm 4, 0;
    %load/vec4a v0000000004950ed0, 4;
    %dup/vec4;
    %pushi/vec4 1, 0, 32;
    %cmp/u;
    %jmp/1 T_6.0, 6;
    %dup/vec4;
    %pushi/vec4 4, 0, 32;
    %cmp/u;
    %jmp/1 T_6.1, 6;
    %dup/vec4;
    %pushi/vec4 10, 0, 32;
    %cmp/u;
    %jmp/1 T_6.2, 6;
    %jmp T_6.3;
T_6.0 ;
    %vpi_call 2 463 "$display", "%d", &A<v0000000004950ed0, 4> {0 0 0};
    %jmp T_6.3;
T_6.1 ;
    %ix/load 4, 4, 0;
    %flag_set/imm 4, 0;
    %load/vec4a v0000000004950ed0, 4;
    %parti/s 11, 0, 2;
    %store/vec4 v0000000004951d30_0, 0, 11;
    %load/vec4 v0000000004951d30_0;
    %parti/s 2, 0, 2;
    %cmpi/e 0, 0, 2;
    %jmp/0xz  T_6.4, 4;
    %load/vec4 v0000000004951d30_0;
    %parti/s 9, 2, 3;
    %pad/u 12;
    %ix/vec4 4;
    %load/vec4a v000000000494ed80, 4;
    %parti/s 8, 0, 2;
    %store/vec4 v0000000004951650_0, 0, 8;
T_6.4 ;
    %load/vec4 v0000000004951d30_0;
    %parti/s 2, 0, 2;
    %cmpi/e 1, 0, 2;
    %jmp/0xz  T_6.6, 4;
    %load/vec4 v0000000004951d30_0;
    %parti/s 9, 2, 3;
    %pad/u 12;
    %ix/vec4 4;
    %load/vec4a v000000000494ed80, 4;
    %parti/s 8, 8, 5;
    %store/vec4 v0000000004951650_0, 0, 8;
T_6.6 ;
    %load/vec4 v0000000004951d30_0;
    %parti/s 2, 0, 2;
    %cmpi/e 2, 0, 2;
    %jmp/0xz  T_6.8, 4;
    %load/vec4 v0000000004951d30_0;
    %parti/s 9, 2, 3;
    %pad/u 12;
    %ix/vec4 4;
    %load/vec4a v000000000494ed80, 4;
    %parti/s 8, 16, 6;
    %store/vec4 v0000000004951650_0, 0, 8;
T_6.8 ;
    %load/vec4 v0000000004951d30_0;
    %parti/s 2, 0, 2;
    %cmpi/e 3, 0, 2;
    %jmp/0xz  T_6.10, 4;
    %load/vec4 v0000000004951d30_0;
    %parti/s 9, 2, 3;
    %pad/u 12;
    %ix/vec4 4;
    %load/vec4a v000000000494ed80, 4;
    %parti/s 8, 24, 6;
    %store/vec4 v0000000004951650_0, 0, 8;
T_6.10 ;
T_6.12 ;
    %load/vec4 v0000000004951650_0;
    %pad/u 32;
    %cmpi/ne 0, 0, 32;
    %jmp/0xz T_6.13, 4;
    %vpi_call 2 480 "$write", "%c", v0000000004951650_0 {0 0 0};
    %load/vec4 v0000000004951d30_0;
    %pushi/vec4 1, 0, 11;
    %add;
    %store/vec4 v0000000004951d30_0, 0, 11;
    %load/vec4 v0000000004951d30_0;
    %parti/s 2, 0, 2;
    %cmpi/e 0, 0, 2;
    %jmp/0xz  T_6.14, 4;
    %load/vec4 v0000000004951d30_0;
    %parti/s 9, 2, 3;
    %pad/u 12;
    %ix/vec4 4;
    %load/vec4a v000000000494ed80, 4;
    %parti/s 8, 0, 2;
    %store/vec4 v0000000004951650_0, 0, 8;
T_6.14 ;
    %load/vec4 v0000000004951d30_0;
    %parti/s 2, 0, 2;
    %cmpi/e 1, 0, 2;
    %jmp/0xz  T_6.16, 4;
    %load/vec4 v0000000004951d30_0;
    %parti/s 9, 2, 3;
    %pad/u 12;
    %ix/vec4 4;
    %load/vec4a v000000000494ed80, 4;
    %parti/s 8, 8, 5;
    %store/vec4 v0000000004951650_0, 0, 8;
T_6.16 ;
    %load/vec4 v0000000004951d30_0;
    %parti/s 2, 0, 2;
    %cmpi/e 2, 0, 2;
    %jmp/0xz  T_6.18, 4;
    %load/vec4 v0000000004951d30_0;
    %parti/s 9, 2, 3;
    %pad/u 12;
    %ix/vec4 4;
    %load/vec4a v000000000494ed80, 4;
    %parti/s 8, 16, 6;
    %store/vec4 v0000000004951650_0, 0, 8;
T_6.18 ;
    %load/vec4 v0000000004951d30_0;
    %parti/s 2, 0, 2;
    %cmpi/e 3, 0, 2;
    %jmp/0xz  T_6.20, 4;
    %load/vec4 v0000000004951d30_0;
    %parti/s 9, 2, 3;
    %pad/u 12;
    %ix/vec4 4;
    %load/vec4a v000000000494ed80, 4;
    %parti/s 8, 24, 6;
    %store/vec4 v0000000004951650_0, 0, 8;
T_6.20 ;
    %jmp T_6.12;
T_6.13 ;
    %jmp T_6.3;
T_6.2 ;
    %vpi_call 2 494 "$finish" {0 0 0};
    %jmp T_6.3;
T_6.3 ;
    %pop/vec4 1;
    %jmp T_6;
    .thread T_6;
    .scope S_00000000028798b0;
T_7 ;
    %pushi/vec4 0, 0, 32;
    %ix/load 4, 0, 0;
    %flag_set/imm 4, 0;
    %store/vec4a v0000000004950ed0, 4, 0;
    %end;
    .thread T_7;
    .scope S_00000000028798b0;
T_8 ;
    %wait E_00000000028ff510;
    %load/vec4 v0000000004951330_0;
    %pad/u 7;
    %ix/vec4 4;
    %load/vec4a v0000000004950ed0, 4;
    %store/vec4 v0000000004951970_0, 0, 32;
    %load/vec4 v0000000004950750_0;
    %pad/u 7;
    %ix/vec4 4;
    %load/vec4a v0000000004950ed0, 4;
    %store/vec4 v0000000004951470_0, 0, 32;
    %jmp T_8;
    .thread T_8;
    .scope S_00000000028798b0;
T_9 ;
    %wait E_00000000028ff550;
    %load/vec4 v0000000004951bf0_0;
    %flag_set/vec4 8;
    %jmp/0xz  T_9.0, 8;
    %load/vec4 v0000000004950610_0;
    %load/vec4 v0000000004951150_0;
    %pad/u 7;
    %ix/vec4 4;
    %store/vec4a v0000000004950ed0, 4, 0;
    %pushi/vec4 0, 0, 32;
    %ix/load 4, 0, 0;
    %flag_set/imm 4, 0;
    %store/vec4a v0000000004950ed0, 4, 0;
T_9.0 ;
    %jmp T_9;
    .thread T_9;
    .scope S_0000000002879a30;
T_10 ;
    %wait E_0000000002900050;
    %load/vec4 v0000000004951c90_0;
    %parti/s 1, 15, 5;
    %ix/load 4, 31, 0;
    %flag_set/imm 4, 0;
    %store/vec4 v0000000004950cf0_0, 4, 1;
    %load/vec4 v0000000004951c90_0;
    %parti/s 1, 15, 5;
    %ix/load 4, 30, 0;
    %flag_set/imm 4, 0;
    %store/vec4 v0000000004950cf0_0, 4, 1;
    %load/vec4 v0000000004951c90_0;
    %parti/s 1, 15, 5;
    %ix/load 4, 29, 0;
    %flag_set/imm 4, 0;
    %store/vec4 v0000000004950cf0_0, 4, 1;
    %load/vec4 v0000000004951c90_0;
    %parti/s 1, 15, 5;
    %ix/load 4, 28, 0;
    %flag_set/imm 4, 0;
    %store/vec4 v0000000004950cf0_0, 4, 1;
    %load/vec4 v0000000004951c90_0;
    %parti/s 1, 15, 5;
    %ix/load 4, 27, 0;
    %flag_set/imm 4, 0;
    %store/vec4 v0000000004950cf0_0, 4, 1;
    %load/vec4 v0000000004951c90_0;
    %parti/s 1, 15, 5;
    %ix/load 4, 26, 0;
    %flag_set/imm 4, 0;
    %store/vec4 v0000000004950cf0_0, 4, 1;
    %load/vec4 v0000000004951c90_0;
    %parti/s 1, 15, 5;
    %ix/load 4, 25, 0;
    %flag_set/imm 4, 0;
    %store/vec4 v0000000004950cf0_0, 4, 1;
    %load/vec4 v0000000004951c90_0;
    %parti/s 1, 15, 5;
    %ix/load 4, 24, 0;
    %flag_set/imm 4, 0;
    %store/vec4 v0000000004950cf0_0, 4, 1;
    %load/vec4 v0000000004951c90_0;
    %parti/s 1, 15, 5;
    %ix/load 4, 23, 0;
    %flag_set/imm 4, 0;
    %store/vec4 v0000000004950cf0_0, 4, 1;
    %load/vec4 v0000000004951c90_0;
    %parti/s 1, 15, 5;
    %ix/load 4, 22, 0;
    %flag_set/imm 4, 0;
    %store/vec4 v0000000004950cf0_0, 4, 1;
    %load/vec4 v0000000004951c90_0;
    %parti/s 1, 15, 5;
    %ix/load 4, 21, 0;
    %flag_set/imm 4, 0;
    %store/vec4 v0000000004950cf0_0, 4, 1;
    %load/vec4 v0000000004951c90_0;
    %parti/s 1, 15, 5;
    %ix/load 4, 20, 0;
    %flag_set/imm 4, 0;
    %store/vec4 v0000000004950cf0_0, 4, 1;
    %load/vec4 v0000000004951c90_0;
    %parti/s 1, 15, 5;
    %ix/load 4, 19, 0;
    %flag_set/imm 4, 0;
    %store/vec4 v0000000004950cf0_0, 4, 1;
    %load/vec4 v0000000004951c90_0;
    %parti/s 1, 15, 5;
    %ix/load 4, 18, 0;
    %flag_set/imm 4, 0;
    %store/vec4 v0000000004950cf0_0, 4, 1;
    %load/vec4 v0000000004951c90_0;
    %parti/s 1, 15, 5;
    %ix/load 4, 17, 0;
    %flag_set/imm 4, 0;
    %store/vec4 v0000000004950cf0_0, 4, 1;
    %load/vec4 v0000000004951c90_0;
    %parti/s 1, 15, 5;
    %ix/load 4, 16, 0;
    %flag_set/imm 4, 0;
    %store/vec4 v0000000004950cf0_0, 4, 1;
    %load/vec4 v0000000004951c90_0;
    %parti/s 1, 15, 5;
    %ix/load 4, 15, 0;
    %flag_set/imm 4, 0;
    %store/vec4 v0000000004950cf0_0, 4, 1;
    %load/vec4 v0000000004951c90_0;
    %parti/s 1, 14, 5;
    %ix/load 4, 14, 0;
    %flag_set/imm 4, 0;
    %store/vec4 v0000000004950cf0_0, 4, 1;
    %load/vec4 v0000000004951c90_0;
    %parti/s 1, 13, 5;
    %ix/load 4, 13, 0;
    %flag_set/imm 4, 0;
    %store/vec4 v0000000004950cf0_0, 4, 1;
    %load/vec4 v0000000004951c90_0;
    %parti/s 1, 12, 5;
    %ix/load 4, 12, 0;
    %flag_set/imm 4, 0;
    %store/vec4 v0000000004950cf0_0, 4, 1;
    %load/vec4 v0000000004951c90_0;
    %parti/s 1, 11, 5;
    %ix/load 4, 11, 0;
    %flag_set/imm 4, 0;
    %store/vec4 v0000000004950cf0_0, 4, 1;
    %load/vec4 v0000000004951c90_0;
    %parti/s 1, 10, 5;
    %ix/load 4, 10, 0;
    %flag_set/imm 4, 0;
    %store/vec4 v0000000004950cf0_0, 4, 1;
    %load/vec4 v0000000004951c90_0;
    %parti/s 1, 9, 5;
    %ix/load 4, 9, 0;
    %flag_set/imm 4, 0;
    %store/vec4 v0000000004950cf0_0, 4, 1;
    %load/vec4 v0000000004951c90_0;
    %parti/s 1, 8, 5;
    %ix/load 4, 8, 0;
    %flag_set/imm 4, 0;
    %store/vec4 v0000000004950cf0_0, 4, 1;
    %load/vec4 v0000000004951c90_0;
    %parti/s 1, 7, 4;
    %ix/load 4, 7, 0;
    %flag_set/imm 4, 0;
    %store/vec4 v0000000004950cf0_0, 4, 1;
    %load/vec4 v0000000004951c90_0;
    %parti/s 1, 6, 4;
    %ix/load 4, 6, 0;
    %flag_set/imm 4, 0;
    %store/vec4 v0000000004950cf0_0, 4, 1;
    %load/vec4 v0000000004951c90_0;
    %parti/s 1, 5, 4;
    %ix/load 4, 5, 0;
    %flag_set/imm 4, 0;
    %store/vec4 v0000000004950cf0_0, 4, 1;
    %load/vec4 v0000000004951c90_0;
    %parti/s 1, 4, 4;
    %ix/load 4, 4, 0;
    %flag_set/imm 4, 0;
    %store/vec4 v0000000004950cf0_0, 4, 1;
    %load/vec4 v0000000004951c90_0;
    %parti/s 1, 3, 3;
    %ix/load 4, 3, 0;
    %flag_set/imm 4, 0;
    %store/vec4 v0000000004950cf0_0, 4, 1;
    %load/vec4 v0000000004951c90_0;
    %parti/s 1, 2, 3;
    %ix/load 4, 2, 0;
    %flag_set/imm 4, 0;
    %store/vec4 v0000000004950cf0_0, 4, 1;
    %load/vec4 v0000000004951c90_0;
    %parti/s 1, 1, 2;
    %ix/load 4, 1, 0;
    %flag_set/imm 4, 0;
    %store/vec4 v0000000004950cf0_0, 4, 1;
    %load/vec4 v0000000004951c90_0;
    %parti/s 1, 0, 2;
    %ix/load 4, 0, 0;
    %flag_set/imm 4, 0;
    %store/vec4 v0000000004950cf0_0, 4, 1;
    %jmp T_10;
    .thread T_10, $push;
    .scope S_0000000002890680;
T_11 ;
    %pushi/vec4 0, 0, 1;
    %cassign/vec4 v00000000028fba50_0;
    %pushi/vec4 0, 0, 1;
    %cassign/vec4 v00000000028fab50_0;
    %end;
    .thread T_11;
    .scope S_0000000002890680;
T_12 ;
    %wait E_00000000028ff850;
    %load/vec4 v00000000028fa970_0;
    %load/vec4 v00000000028faab0_0;
    %concat/vec4; draw_concat_vec4
    %dup/vec4;
    %pushi/vec4 136, 0, 8;
    %cmp/x;
    %jmp/1 T_12.0, 4;
    %dup/vec4;
    %pushi/vec4 154, 0, 8;
    %cmp/x;
    %jmp/1 T_12.1, 4;
    %dup/vec4;
    %pushi/vec4 152, 0, 8;
    %cmp/x;
    %jmp/1 T_12.2, 4;
    %dup/vec4;
    %pushi/vec4 194, 0, 8;
    %cmp/x;
    %jmp/1 T_12.3, 4;
    %dup/vec4;
    %pushi/vec4 128, 0, 8;
    %cmp/x;
    %jmp/1 T_12.4, 4;
    %dup/vec4;
    %pushi/vec4 131, 0, 8;
    %cmp/x;
    %jmp/1 T_12.5, 4;
    %dup/vec4;
    %pushi/vec4 130, 0, 8;
    %cmp/x;
    %jmp/1 T_12.6, 4;
    %dup/vec4;
    %pushi/vec4 144, 0, 8;
    %cmp/x;
    %jmp/1 T_12.7, 4;
    %dup/vec4;
    %pushi/vec4 146, 0, 8;
    %cmp/x;
    %jmp/1 T_12.8, 4;
    %dup/vec4;
    %pushi/vec4 160, 0, 8;
    %cmp/x;
    %jmp/1 T_12.9, 4;
    %dup/vec4;
    %pushi/vec4 130, 0, 8;
    %cmp/x;
    %jmp/1 T_12.10, 4;
    %dup/vec4;
    %pushi/vec4 164, 0, 8;
    %cmp/x;
    %jmp/1 T_12.11, 4;
    %dup/vec4;
    %pushi/vec4 165, 0, 8;
    %cmp/x;
    %jmp/1 T_12.12, 4;
    %dup/vec4;
    %pushi/vec4 170, 0, 8;
    %cmp/x;
    %jmp/1 T_12.13, 4;
    %jmp T_12.14;
T_12.0 ;
    %pushi/vec4 15, 15, 4;
    %store/vec4 v00000000028fa790_0, 0, 4;
    %load/vec4 v00000000028faab0_0;
    %pushi/vec4 8, 0, 6;
    %cmp/e;
    %flag_get/vec4 4;
    %store/vec4 v00000000028fab50_0, 0, 1;
    %jmp T_12.14;
T_12.1 ;
    %pushi/vec4 14, 0, 4;
    %store/vec4 v00000000028fa790_0, 0, 4;
    %jmp T_12.14;
T_12.2 ;
    %pushi/vec4 13, 0, 4;
    %store/vec4 v00000000028fa790_0, 0, 4;
    %jmp T_12.14;
T_12.3 ;
    %pushi/vec4 11, 0, 4;
    %store/vec4 v00000000028fa790_0, 0, 4;
    %jmp T_12.14;
T_12.4 ;
    %pushi/vec4 4, 0, 4;
    %store/vec4 v00000000028fa790_0, 0, 4;
    %load/vec4 v00000000028faab0_0;
    %pushi/vec4 0, 0, 6;
    %cmp/e;
    %flag_get/vec4 4;
    %store/vec4 v00000000028fba50_0, 0, 1;
    %jmp T_12.14;
T_12.5 ;
    %pushi/vec4 9, 0, 4;
    %store/vec4 v00000000028fa790_0, 0, 4;
    %load/vec4 v00000000028faab0_0;
    %pushi/vec4 3, 0, 6;
    %cmp/e;
    %flag_get/vec4 4;
    %store/vec4 v00000000028fba50_0, 0, 1;
    %jmp T_12.14;
T_12.6 ;
    %pushi/vec4 8, 0, 4;
    %store/vec4 v00000000028fa790_0, 0, 4;
    %load/vec4 v00000000028faab0_0;
    %pushi/vec4 2, 0, 6;
    %cmp/e;
    %flag_get/vec4 4;
    %store/vec4 v00000000028fba50_0, 0, 1;
    %jmp T_12.14;
T_12.7 ;
    %pushi/vec4 3, 0, 4;
    %store/vec4 v00000000028fa790_0, 0, 4;
    %jmp T_12.14;
T_12.8 ;
    %pushi/vec4 5, 0, 4;
    %store/vec4 v00000000028fa790_0, 0, 4;
    %jmp T_12.14;
T_12.9 ;
    %pushi/vec4 2, 0, 4;
    %store/vec4 v00000000028fa790_0, 0, 4;
    %jmp T_12.14;
T_12.10 ;
    %pushi/vec4 6, 0, 4;
    %store/vec4 v00000000028fa790_0, 0, 4;
    %jmp T_12.14;
T_12.11 ;
    %pushi/vec4 0, 0, 4;
    %store/vec4 v00000000028fa790_0, 0, 4;
    %jmp T_12.14;
T_12.12 ;
    %pushi/vec4 1, 0, 4;
    %store/vec4 v00000000028fa790_0, 0, 4;
    %jmp T_12.14;
T_12.13 ;
    %pushi/vec4 7, 0, 4;
    %store/vec4 v00000000028fa790_0, 0, 4;
    %jmp T_12.14;
T_12.14 ;
    %pop/vec4 1;
    %load/vec4 v00000000028fac90_0;
    %dup/vec4;
    %pushi/vec4 5, 0, 6;
    %cmp/x;
    %jmp/1 T_12.15, 4;
    %dup/vec4;
    %pushi/vec4 4, 0, 6;
    %cmp/x;
    %jmp/1 T_12.16, 4;
    %dup/vec4;
    %pushi/vec4 35, 0, 6;
    %cmp/x;
    %jmp/1 T_12.17, 4;
    %dup/vec4;
    %pushi/vec4 43, 0, 6;
    %cmp/x;
    %jmp/1 T_12.18, 4;
    %dup/vec4;
    %pushi/vec4 15, 0, 6;
    %cmp/x;
    %jmp/1 T_12.19, 4;
    %dup/vec4;
    %pushi/vec4 2, 0, 6;
    %cmp/x;
    %jmp/1 T_12.20, 4;
    %dup/vec4;
    %pushi/vec4 3, 0, 6;
    %cmp/x;
    %jmp/1 T_12.21, 4;
    %jmp T_12.22;
T_12.15 ;
    %pushi/vec4 6, 0, 4;
    %store/vec4 v00000000028fa790_0, 0, 4;
    %jmp T_12.22;
T_12.16 ;
    %pushi/vec4 6, 0, 4;
    %store/vec4 v00000000028fa790_0, 0, 4;
    %jmp T_12.22;
T_12.17 ;
    %pushi/vec4 2, 0, 4;
    %store/vec4 v00000000028fa790_0, 0, 4;
    %jmp T_12.22;
T_12.18 ;
    %pushi/vec4 2, 0, 4;
    %store/vec4 v00000000028fa790_0, 0, 4;
    %jmp T_12.22;
T_12.19 ;
    %pushi/vec4 15, 0, 4;
    %store/vec4 v00000000028fa790_0, 0, 4;
    %jmp T_12.22;
T_12.20 ;
    %pushi/vec4 15, 15, 4;
    %store/vec4 v00000000028fa790_0, 0, 4;
    %jmp T_12.22;
T_12.21 ;
    %pushi/vec4 15, 15, 4;
    %store/vec4 v00000000028fa790_0, 0, 4;
    %jmp T_12.22;
T_12.22 ;
    %pop/vec4 1;
    %jmp T_12;
    .thread T_12, $push;
    .scope S_000000000290d620;
T_13 ;
    %pushi/vec4 0, 0, 1;
    %store/vec4 v00000000028fa290_0, 0, 1;
    %pushi/vec4 0, 0, 64;
    %store/vec4 v00000000028fabf0_0, 0, 64;
    %end;
    .thread T_13;
    .scope S_000000000290d620;
T_14 ;
    %wait E_00000000028ff210;
    %load/vec4 v00000000028fa1f0_0;
    %pad/s 5;
    %dup/vec4;
    %pushi/vec4 0, 0, 5;
    %cmp/u;
    %jmp/1 T_14.0, 6;
    %dup/vec4;
    %pushi/vec4 1, 0, 5;
    %cmp/u;
    %jmp/1 T_14.1, 6;
    %dup/vec4;
    %pushi/vec4 2, 0, 5;
    %cmp/u;
    %jmp/1 T_14.2, 6;
    %dup/vec4;
    %pushi/vec4 3, 0, 5;
    %cmp/u;
    %jmp/1 T_14.3, 6;
    %dup/vec4;
    %pushi/vec4 4, 0, 5;
    %cmp/u;
    %jmp/1 T_14.4, 6;
    %dup/vec4;
    %pushi/vec4 5, 0, 5;
    %cmp/u;
    %jmp/1 T_14.5, 6;
    %dup/vec4;
    %pushi/vec4 6, 0, 5;
    %cmp/u;
    %jmp/1 T_14.6, 6;
    %dup/vec4;
    %pushi/vec4 7, 0, 5;
    %cmp/u;
    %jmp/1 T_14.7, 6;
    %dup/vec4;
    %pushi/vec4 8, 0, 5;
    %cmp/u;
    %jmp/1 T_14.8, 6;
    %dup/vec4;
    %pushi/vec4 9, 0, 5;
    %cmp/u;
    %jmp/1 T_14.9, 6;
    %dup/vec4;
    %pushi/vec4 10, 0, 5;
    %cmp/u;
    %jmp/1 T_14.10, 6;
    %dup/vec4;
    %pushi/vec4 12, 0, 5;
    %cmp/u;
    %jmp/1 T_14.11, 6;
    %dup/vec4;
    %pushi/vec4 13, 0, 5;
    %cmp/u;
    %jmp/1 T_14.12, 6;
    %dup/vec4;
    %pushi/vec4 14, 0, 5;
    %cmp/u;
    %jmp/1 T_14.13, 6;
    %dup/vec4;
    %pushi/vec4 15, 0, 5;
    %cmp/u;
    %jmp/1 T_14.14, 6;
    %pushi/vec4 0, 0, 32;
    %store/vec4 v00000000028fb4b0_0, 0, 32;
    %jmp T_14.16;
T_14.0 ;
    %load/vec4 v00000000028fa8d0_0;
    %load/vec4 v00000000028fb5f0_0;
    %and;
    %store/vec4 v00000000028fb4b0_0, 0, 32;
    %jmp T_14.16;
T_14.1 ;
    %load/vec4 v00000000028fa8d0_0;
    %load/vec4 v00000000028fb5f0_0;
    %or;
    %store/vec4 v00000000028fb4b0_0, 0, 32;
    %jmp T_14.16;
T_14.2 ;
    %load/vec4 v00000000028fa8d0_0;
    %load/vec4 v00000000028fb5f0_0;
    %add;
    %store/vec4 v00000000028fb4b0_0, 0, 32;
    %jmp T_14.16;
T_14.3 ;
    %load/vec4 v00000000028fabf0_0;
    %parti/s 32, 32, 7;
    %store/vec4 v00000000028fb4b0_0, 0, 32;
    %jmp T_14.16;
T_14.4 ;
    %load/vec4 v00000000028fb5f0_0;
    %load/vec4 v00000000028faa10_0;
    %ix/vec4 4;
    %shiftl 4;
    %store/vec4 v00000000028fb4b0_0, 0, 32;
    %jmp T_14.16;
T_14.5 ;
    %load/vec4 v00000000028fabf0_0;
    %parti/s 32, 0, 2;
    %store/vec4 v00000000028fb4b0_0, 0, 32;
    %jmp T_14.16;
T_14.6 ;
    %load/vec4 v00000000028fa8d0_0;
    %load/vec4 v00000000028fb5f0_0;
    %sub;
    %store/vec4 v00000000028fb4b0_0, 0, 32;
    %jmp T_14.16;
T_14.7 ;
    %load/vec4 v00000000028fa8d0_0;
    %load/vec4 v00000000028fb5f0_0;
    %cmp/s;
    %flag_mov 8, 5;
    %jmp/0 T_14.17, 8;
    %pushi/vec4 1, 0, 32;
    %jmp/1 T_14.18, 8;
T_14.17 ; End of true expr.
    %pushi/vec4 0, 0, 32;
    %jmp/0 T_14.18, 8;
 ; End of false expr.
    %blend;
T_14.18;
    %store/vec4 v00000000028fb4b0_0, 0, 32;
    %jmp T_14.16;
T_14.8 ;
    %load/vec4 v00000000028fb5f0_0;
    %load/vec4 v00000000028faa10_0;
    %ix/vec4 4;
    %shiftr 4;
    %store/vec4 v00000000028fb4b0_0, 0, 32;
    %jmp T_14.16;
T_14.9 ;
    %load/vec4 v00000000028fb5f0_0;
    %load/vec4 v00000000028faa10_0;
    %ix/vec4 4;
    %shiftr 4;
    %store/vec4 v00000000028fb4b0_0, 0, 32;
    %jmp T_14.16;
T_14.10 ;
    %load/vec4 v00000000028fa8d0_0;
    %load/vec4 v00000000028fb5f0_0;
    %xor;
    %store/vec4 v00000000028fb4b0_0, 0, 32;
    %jmp T_14.16;
T_14.11 ;
    %load/vec4 v00000000028fa8d0_0;
    %load/vec4 v00000000028fb5f0_0;
    %or;
    %inv;
    %store/vec4 v00000000028fb4b0_0, 0, 32;
    %jmp T_14.16;
T_14.12 ;
    %load/vec4 v00000000028fa8d0_0;
    %pad/s 64;
    %load/vec4 v00000000028fb5f0_0;
    %pad/s 64;
    %mul;
    %store/vec4 v00000000028fabf0_0, 0, 64;
    %jmp T_14.16;
T_14.13 ;
    %load/vec4 v00000000028fa8d0_0;
    %load/vec4 v00000000028fb5f0_0;
    %div/s;
    %ix/load 4, 0, 0;
    %flag_set/imm 4, 0;
    %store/vec4 v00000000028fabf0_0, 4, 32;
    %load/vec4 v00000000028fa8d0_0;
    %load/vec4 v00000000028fb5f0_0;
    %mod/s;
    %ix/load 4, 32, 0;
    %flag_set/imm 4, 0;
    %store/vec4 v00000000028fabf0_0, 4, 32;
    %jmp T_14.16;
T_14.14 ;
    %load/vec4 v00000000028fb370_0;
    %parti/s 16, 0, 2;
    %concati/vec4 0, 0, 16;
    %store/vec4 v00000000028fb4b0_0, 0, 32;
    %jmp T_14.16;
T_14.16 ;
    %pop/vec4 1;
    %load/vec4 v00000000028fb4b0_0;
    %pushi/vec4 0, 0, 32;
    %cmp/e;
    %flag_get/vec4 4;
    %store/vec4 v00000000028fa290_0, 0, 1;
    %jmp T_14;
    .thread T_14, $push;
    .scope S_00000000028a0480;
T_15 ;
    %vpi_call 2 658 "$readmemb", "fact-base=0x0000.dat", v000000000494ed80 {0 0 0};
    %end;
    .thread T_15;
    .scope S_00000000028a0480;
T_16 ;
    %wait E_00000000028ff550;
    %load/vec4 v000000000494ece0_0;
    %pad/u 32;
    %cmpi/e 1, 0, 32;
    %jmp/0xz  T_16.0, 4;
    %load/vec4 v000000000494e6a0_0;
    %parti/s 10, 2, 3;
    %pad/u 12;
    %ix/vec4 4;
    %load/vec4a v000000000494ed80, 4;
    %store/vec4 v000000000494eec0_0, 0, 32;
T_16.0 ;
    %jmp T_16;
    .thread T_16;
    .scope S_00000000028a0480;
T_17 ;
    %wait E_00000000028ff550;
    %load/vec4 v000000000494ee20_0;
    %pad/u 32;
    %cmpi/e 1, 0, 32;
    %jmp/0xz  T_17.0, 4;
    %load/vec4 v000000000494f780_0;
    %load/vec4 v000000000494e6a0_0;
    %parti/s 10, 2, 3;
    %pad/u 12;
    %ix/vec4 4;
    %store/vec4a v000000000494ed80, 4, 0;
T_17.0 ;
    %jmp T_17;
    .thread T_17;
    .scope S_0000000002890500;
T_18 ;
    %pushi/vec4 0, 0, 1;
    %store/vec4 v00000000028fb9b0_0, 0, 1;
    %pushi/vec4 0, 0, 64;
    %store/vec4 v00000000028fa830_0, 0, 64;
    %end;
    .thread T_18;
    .scope S_0000000002890500;
T_19 ;
    %wait E_00000000028ffdd0;
    %load/vec4 v00000000028fa470_0;
    %pad/s 5;
    %dup/vec4;
    %pushi/vec4 0, 0, 5;
    %cmp/u;
    %jmp/1 T_19.0, 6;
    %dup/vec4;
    %pushi/vec4 1, 0, 5;
    %cmp/u;
    %jmp/1 T_19.1, 6;
    %dup/vec4;
    %pushi/vec4 2, 0, 5;
    %cmp/u;
    %jmp/1 T_19.2, 6;
    %dup/vec4;
    %pushi/vec4 3, 0, 5;
    %cmp/u;
    %jmp/1 T_19.3, 6;
    %dup/vec4;
    %pushi/vec4 4, 0, 5;
    %cmp/u;
    %jmp/1 T_19.4, 6;
    %dup/vec4;
    %pushi/vec4 5, 0, 5;
    %cmp/u;
    %jmp/1 T_19.5, 6;
    %dup/vec4;
    %pushi/vec4 6, 0, 5;
    %cmp/u;
    %jmp/1 T_19.6, 6;
    %dup/vec4;
    %pushi/vec4 7, 0, 5;
    %cmp/u;
    %jmp/1 T_19.7, 6;
    %dup/vec4;
    %pushi/vec4 8, 0, 5;
    %cmp/u;
    %jmp/1 T_19.8, 6;
    %dup/vec4;
    %pushi/vec4 9, 0, 5;
    %cmp/u;
    %jmp/1 T_19.9, 6;
    %dup/vec4;
    %pushi/vec4 10, 0, 5;
    %cmp/u;
    %jmp/1 T_19.10, 6;
    %dup/vec4;
    %pushi/vec4 12, 0, 5;
    %cmp/u;
    %jmp/1 T_19.11, 6;
    %dup/vec4;
    %pushi/vec4 13, 0, 5;
    %cmp/u;
    %jmp/1 T_19.12, 6;
    %dup/vec4;
    %pushi/vec4 14, 0, 5;
    %cmp/u;
    %jmp/1 T_19.13, 6;
    %dup/vec4;
    %pushi/vec4 15, 0, 5;
    %cmp/u;
    %jmp/1 T_19.14, 6;
    %pushi/vec4 0, 0, 32;
    %store/vec4 v00000000028faf10_0, 0, 32;
    %jmp T_19.16;
T_19.0 ;
    %load/vec4 v00000000028fb690_0;
    %load/vec4 v00000000028fad30_0;
    %and;
    %store/vec4 v00000000028faf10_0, 0, 32;
    %jmp T_19.16;
T_19.1 ;
    %load/vec4 v00000000028fb690_0;
    %load/vec4 v00000000028fad30_0;
    %or;
    %store/vec4 v00000000028faf10_0, 0, 32;
    %jmp T_19.16;
T_19.2 ;
    %load/vec4 v00000000028fb690_0;
    %load/vec4 v00000000028fad30_0;
    %add;
    %store/vec4 v00000000028faf10_0, 0, 32;
    %jmp T_19.16;
T_19.3 ;
    %load/vec4 v00000000028fa830_0;
    %parti/s 32, 32, 7;
    %store/vec4 v00000000028faf10_0, 0, 32;
    %jmp T_19.16;
T_19.4 ;
    %load/vec4 v00000000028fad30_0;
    %load/vec4 v00000000028fb870_0;
    %ix/vec4 4;
    %shiftl 4;
    %store/vec4 v00000000028faf10_0, 0, 32;
    %jmp T_19.16;
T_19.5 ;
    %load/vec4 v00000000028fa830_0;
    %parti/s 32, 0, 2;
    %store/vec4 v00000000028faf10_0, 0, 32;
    %jmp T_19.16;
T_19.6 ;
    %load/vec4 v00000000028fb690_0;
    %load/vec4 v00000000028fad30_0;
    %sub;
    %store/vec4 v00000000028faf10_0, 0, 32;
    %jmp T_19.16;
T_19.7 ;
    %load/vec4 v00000000028fb690_0;
    %load/vec4 v00000000028fad30_0;
    %cmp/s;
    %flag_mov 8, 5;
    %jmp/0 T_19.17, 8;
    %pushi/vec4 1, 0, 32;
    %jmp/1 T_19.18, 8;
T_19.17 ; End of true expr.
    %pushi/vec4 0, 0, 32;
    %jmp/0 T_19.18, 8;
 ; End of false expr.
    %blend;
T_19.18;
    %store/vec4 v00000000028faf10_0, 0, 32;
    %jmp T_19.16;
T_19.8 ;
    %load/vec4 v00000000028fad30_0;
    %load/vec4 v00000000028fb870_0;
    %ix/vec4 4;
    %shiftr 4;
    %store/vec4 v00000000028faf10_0, 0, 32;
    %jmp T_19.16;
T_19.9 ;
    %load/vec4 v00000000028fad30_0;
    %load/vec4 v00000000028fb870_0;
    %ix/vec4 4;
    %shiftr 4;
    %store/vec4 v00000000028faf10_0, 0, 32;
    %jmp T_19.16;
T_19.10 ;
    %load/vec4 v00000000028fb690_0;
    %load/vec4 v00000000028fad30_0;
    %xor;
    %store/vec4 v00000000028faf10_0, 0, 32;
    %jmp T_19.16;
T_19.11 ;
    %load/vec4 v00000000028fb690_0;
    %load/vec4 v00000000028fad30_0;
    %or;
    %inv;
    %store/vec4 v00000000028faf10_0, 0, 32;
    %jmp T_19.16;
T_19.12 ;
    %load/vec4 v00000000028fb690_0;
    %pad/s 64;
    %load/vec4 v00000000028fad30_0;
    %pad/s 64;
    %mul;
    %store/vec4 v00000000028fa830_0, 0, 64;
    %jmp T_19.16;
T_19.13 ;
    %load/vec4 v00000000028fb690_0;
    %load/vec4 v00000000028fad30_0;
    %div/s;
    %ix/load 4, 0, 0;
    %flag_set/imm 4, 0;
    %store/vec4 v00000000028fa830_0, 4, 32;
    %load/vec4 v00000000028fb690_0;
    %load/vec4 v00000000028fad30_0;
    %mod/s;
    %ix/load 4, 32, 0;
    %flag_set/imm 4, 0;
    %store/vec4 v00000000028fa830_0, 4, 32;
    %jmp T_19.16;
T_19.14 ;
    %load/vec4 v00000000028fb410_0;
    %parti/s 16, 0, 2;
    %concati/vec4 0, 0, 16;
    %store/vec4 v00000000028faf10_0, 0, 32;
    %jmp T_19.16;
T_19.16 ;
    %pop/vec4 1;
    %load/vec4 v00000000028faf10_0;
    %pushi/vec4 0, 0, 32;
    %cmp/e;
    %flag_get/vec4 4;
    %store/vec4 v00000000028fb9b0_0, 0, 1;
    %jmp T_19;
    .thread T_19, $push;
    .scope S_000000000290d4a0;
T_20 ;
    %vpi_call 2 148 "$display", "The processor has started!" {0 0 0};
    %vpi_call 2 150 "$monitor", "address:%b\012instruction:%b\012$zero=%b\012$at=%b\012$v0=%b\012$v1=%b\012$a0=%b\012$a1=%b\012$a2=%b\012$a3=%b\012$t0=%b\012$t1=%b\012$t2=%b\012$t3=%b\012$t4=%b\012$t5=%b\012$t6=%b\012$t7=%b\012$s0=%b\012$s1=%b\012$s2=%b\012$s3=%b\012$s4=%b\012$s5=%b\012$s6=%b\012$s7=%b\012$t8=%b\012$t9=%b\012$k0=%b\012$k1=%b\012$gp=%b\012$sp=%b\012$fp=%b\012$ra=%b\012", v0000000004953c00_0, v0000000004953020_0, &A<v0000000004950ed0, 0>, &A<v0000000004950ed0, 1>, &A<v0000000004950ed0, 2>, &A<v0000000004950ed0, 3>, &A<v0000000004950ed0, 4>, &A<v0000000004950ed0, 5>, &A<v0000000004950ed0, 6>, &A<v0000000004950ed0, 7>, &A<v0000000004950ed0, 8>, &A<v0000000004950ed0, 9>, &A<v0000000004950ed0, 10>, &A<v0000000004950ed0, 11>, &A<v0000000004950ed0, 12>, &A<v0000000004950ed0, 13>, &A<v0000000004950ed0, 14>, &A<v0000000004950ed0, 15>, &A<v0000000004950ed0, 16>, &A<v0000000004950ed0, 17>, &A<v0000000004950ed0, 18>, &A<v0000000004950ed0, 19>, &A<v0000000004950ed0, 20>, &A<v0000000004950ed0, 21>, &A<v0000000004950ed0, 22>, &A<v0000000004950ed0, 23>, &A<v0000000004950ed0, 24>, &A<v0000000004950ed0, 25>, &A<v0000000004950ed0, 26>, &A<v0000000004950ed0, 27>, &A<v0000000004950ed0, 28>, &A<v0000000004950ed0, 29>, &A<v0000000004950ed0, 30>, &A<v0000000004950ed0, 31> {0 0 0};
    %delay 250, 0;
    %vpi_call 2 152 "$finish" {0 0 0};
    %end;
    .thread T_20;
# The file index is used to find the file name in the following table.
:file_names 3;
    "N/A";
    "<interactive>";
    "CPU.v";
